<?xml version="1.0" encoding="UTF-8"?>
<testsuites name="Mocha Tests" time="0" tests="2" failures="2">
  <testsuite name="Root Suite" timestamp="2021-09-28T09:45:20" tests="0" file="cypress\integration\SearchPageTests.js" failures="0" time="0">
  </testsuite>
  <testsuite name="Search Computer Page Smoke test" timestamp="2021-09-28T09:45:20" tests="2" failures="2" time="0">
    <testcase name="Search Computer Page Smoke test Verify the UI of Search computer page on default in first launching" time="0" classname="Verify the UI of Search computer page on default in first launching">
      <failure message="`cy.visit()` failed trying to load:

https://computer-database.herokuapp.com/computers

The response we received from your web server was:

  &gt; 503: Service Unavailable

This was considered a failure because the status code was not `2xx`.

If you do not want status codes to cause failures pass the option: `failOnStatusCode: false`" type="CypressError"><![CDATA[CypressError: `cy.visit()` failed trying to load:

https://computer-database.herokuapp.com/computers

The response we received from your web server was:

  > 503: Service Unavailable

This was considered a failure because the status code was not `2xx`.

If you do not want status codes to cause failures pass the option: `failOnStatusCode: false`
    at http://localhost:60956/__cypress/runner/cypress_runner.js:156922:25
    at visitFailedByErr (http://localhost:60956/__cypress/runner/cypress_runner.js:156299:12)
    at http://localhost:60956/__cypress/runner/cypress_runner.js:156902:13
    at tryCatcher (http://localhost:60956/__cypress/runner/cypress_runner.js:9956:23)
    at Promise._settlePromiseFromHandler (http://localhost:60956/__cypress/runner/cypress_runner.js:7891:31)
    at Promise._settlePromise (http://localhost:60956/__cypress/runner/cypress_runner.js:7948:18)
    at Promise._settlePromise0 (http://localhost:60956/__cypress/runner/cypress_runner.js:7993:10)
    at Promise._settlePromises (http://localhost:60956/__cypress/runner/cypress_runner.js:8069:18)
    at _drainQueueStep (http://localhost:60956/__cypress/runner/cypress_runner.js:4663:12)
    at _drainQueue (http://localhost:60956/__cypress/runner/cypress_runner.js:4656:9)
    at Async.../../node_modules/bluebird/js/release/async.js.Async._drainQueues (http://localhost:60956/__cypress/runner/cypress_runner.js:4672:5)
    at Async.drainQueues (http://localhost:60956/__cypress/runner/cypress_runner.js:4542:14)
From Your Spec Code:
    at Context.eval (http://localhost:60956/__cypress/tests?p=cypress\integration\SearchPageTests.js:52:8)]]></failure>
    </testcase>
    <testcase name="Search Computer Page Smoke test Verify Filter by computer name function should work correct" time="0" classname="Verify Filter by computer name function should work correct">
      <failure message="`cy.visit()` failed trying to load:

https://computer-database.herokuapp.com/computers

The response we received from your web server was:

  &gt; 503: Service Unavailable

This was considered a failure because the status code was not `2xx`.

If you do not want status codes to cause failures pass the option: `failOnStatusCode: false`" type="CypressError"><![CDATA[CypressError: `cy.visit()` failed trying to load:

https://computer-database.herokuapp.com/computers

The response we received from your web server was:

  > 503: Service Unavailable

This was considered a failure because the status code was not `2xx`.

If you do not want status codes to cause failures pass the option: `failOnStatusCode: false`
    at http://localhost:60956/__cypress/runner/cypress_runner.js:156922:25
    at visitFailedByErr (http://localhost:60956/__cypress/runner/cypress_runner.js:156299:12)
    at http://localhost:60956/__cypress/runner/cypress_runner.js:156902:13
    at tryCatcher (http://localhost:60956/__cypress/runner/cypress_runner.js:9956:23)
    at Promise._settlePromiseFromHandler (http://localhost:60956/__cypress/runner/cypress_runner.js:7891:31)
    at Promise._settlePromise (http://localhost:60956/__cypress/runner/cypress_runner.js:7948:18)
    at Promise._settlePromise0 (http://localhost:60956/__cypress/runner/cypress_runner.js:7993:10)
    at Promise._settlePromises (http://localhost:60956/__cypress/runner/cypress_runner.js:8069:18)
    at _drainQueueStep (http://localhost:60956/__cypress/runner/cypress_runner.js:4663:12)
    at _drainQueue (http://localhost:60956/__cypress/runner/cypress_runner.js:4656:9)
    at Async.../../node_modules/bluebird/js/release/async.js.Async._drainQueues (http://localhost:60956/__cypress/runner/cypress_runner.js:4672:5)
    at Async.drainQueues (http://localhost:60956/__cypress/runner/cypress_runner.js:4542:14)
From Your Spec Code:
    at Context.eval (http://localhost:60956/__cypress/tests?p=cypress\integration\SearchPageTests.js:63:8)]]></failure>
    </testcase>
  </testsuite>
</testsuites>