<?xml version="1.0" encoding="UTF-8"?>
<testsuites name="Mocha Tests" time="4.916" tests="3" failures="4">
  <testsuite name="Root Suite" timestamp="2021-09-28T09:44:57" tests="0" file="cypress\integration\AddPageTest.js" failures="0" time="0">
  </testsuite>
  <testsuite name="Add computer End to End test" timestamp="2021-09-28T09:44:57" tests="3" failures="4" time="4.916">
    <testcase name="Add computer End to End test Should navigate to Add Computer Page" time="0" classname="Should navigate to Add Computer Page">
      <failure message="`cy.visit()` failed trying to load:

https://computer-database.herokuapp.com/computers

The response we received from your web server was:

  &gt; 503: Service Unavailable

This was considered a failure because the status code was not `2xx`.

If you do not want status codes to cause failures pass the option: `failOnStatusCode: false`" type="CypressError"><![CDATA[CypressError: `cy.visit()` failed trying to load:

https://computer-database.herokuapp.com/computers

The response we received from your web server was:

  > 503: Service Unavailable

This was considered a failure because the status code was not `2xx`.

If you do not want status codes to cause failures pass the option: `failOnStatusCode: false`
    at http://localhost:60956/__cypress/runner/cypress_runner.js:156922:25
    at visitFailedByErr (http://localhost:60956/__cypress/runner/cypress_runner.js:156299:12)
    at http://localhost:60956/__cypress/runner/cypress_runner.js:156902:13
    at tryCatcher (http://localhost:60956/__cypress/runner/cypress_runner.js:9956:23)
    at Promise._settlePromiseFromHandler (http://localhost:60956/__cypress/runner/cypress_runner.js:7891:31)
    at Promise._settlePromise (http://localhost:60956/__cypress/runner/cypress_runner.js:7948:18)
    at Promise._settlePromise0 (http://localhost:60956/__cypress/runner/cypress_runner.js:7993:10)
    at Promise._settlePromises (http://localhost:60956/__cypress/runner/cypress_runner.js:8069:18)
    at _drainQueueStep (http://localhost:60956/__cypress/runner/cypress_runner.js:4663:12)
    at _drainQueue (http://localhost:60956/__cypress/runner/cypress_runner.js:4656:9)
    at Async.../../node_modules/bluebird/js/release/async.js.Async._drainQueues (http://localhost:60956/__cypress/runner/cypress_runner.js:4672:5)
    at Async.drainQueues (http://localhost:60956/__cypress/runner/cypress_runner.js:4542:14)
From Your Spec Code:
    at Context.eval (http://localhost:60956/__cypress/tests?p=cypress\integration\AddPageTest.js:55:8)]]></failure>
    </testcase>
    <testcase name="Add computer End to End test New computer should added" time="0" classname="New computer should added">
      <failure message="Timed out retrying: Expected to find element: `#name`, but never found it." type="AssertionError"><![CDATA[AssertionError: Timed out retrying: Expected to find element: `#name`, but never found it.
    at AddPage.getTxtComputerName (http://localhost:60956/__cypress/tests?p=cypress\support\index.js:57:17)
    at Context.eval (http://localhost:60956/__cypress/tests?p=cypress\support\index.js:180:13)]]></failure>
    </testcase>
    <testcase name="Add computer End to End test Computer added should be on the search result" time="0" classname="Computer added should be on the search result">
      <failure message="Timed out retrying: Expected to find element: `#searchbox`, but never found it." type="AssertionError"><![CDATA[AssertionError: Timed out retrying: Expected to find element: `#searchbox`, but never found it.
    at SearchPage.getSearchBox (http://localhost:60956/__cypress/tests?p=cypress\support\index.js:124:17)
    at Context.eval (http://localhost:60956/__cypress/tests?p=cypress\support\index.js:187:16)]]></failure>
    </testcase>
    <testcase name="Add computer End to End test &quot;after all&quot; hook for &quot;Computer added should be on the search result&quot;" time="4.916" classname="&quot;after all&quot; hook for &quot;Computer added should be on the search result&quot;">
      <failure message="`cy.visit()` failed trying to load:

https://computer-database.herokuapp.com/computers

The response we received from your web server was:

  &gt; 503: Service Unavailable

This was considered a failure because the status code was not `2xx`.

If you do not want status codes to cause failures pass the option: `failOnStatusCode: false`

Because this error occurred during a `after all` hook we are skipping the remaining tests in the current suite: `Add computer End to End test`" type="CypressError"><![CDATA[CypressError: `cy.visit()` failed trying to load:

https://computer-database.herokuapp.com/computers

The response we received from your web server was:

  > 503: Service Unavailable

This was considered a failure because the status code was not `2xx`.

If you do not want status codes to cause failures pass the option: `failOnStatusCode: false`

Because this error occurred during a `after all` hook we are skipping the remaining tests in the current suite: `Add computer End to End test`
    at http://localhost:60956/__cypress/runner/cypress_runner.js:156922:25
    at visitFailedByErr (http://localhost:60956/__cypress/runner/cypress_runner.js:156299:12)
    at http://localhost:60956/__cypress/runner/cypress_runner.js:156902:13
    at tryCatcher (http://localhost:60956/__cypress/runner/cypress_runner.js:9956:23)
    at Promise._settlePromiseFromHandler (http://localhost:60956/__cypress/runner/cypress_runner.js:7891:31)
    at Promise._settlePromise (http://localhost:60956/__cypress/runner/cypress_runner.js:7948:18)
    at Promise._settlePromise0 (http://localhost:60956/__cypress/runner/cypress_runner.js:7993:10)
    at Promise._settlePromises (http://localhost:60956/__cypress/runner/cypress_runner.js:8069:18)
    at _drainQueueStep (http://localhost:60956/__cypress/runner/cypress_runner.js:4663:12)
    at _drainQueue (http://localhost:60956/__cypress/runner/cypress_runner.js:4656:9)
    at Async.../../node_modules/bluebird/js/release/async.js.Async._drainQueues (http://localhost:60956/__cypress/runner/cypress_runner.js:4672:5)
    at Async.drainQueues (http://localhost:60956/__cypress/runner/cypress_runner.js:4542:14)
From Your Spec Code:
    at Context.eval (http://localhost:60956/__cypress/tests?p=cypress\support\index.js:191:8)]]></failure>
    </testcase>
  </testsuite>
</testsuites>